<?xml version="1.0" encoding="UTF-8"?>
<!-- Generated by org.testng.reporters.JUnitReportReporter -->
<testsuite hostname="DESKTOP-1C1CICJ" failures="0" tests="2" name="com.w3schools.test.LoginTest" time="149.748" errors="0" timestamp="2023-08-20T17:07:16 IST" skipped="0">
  <testcase classname="com.w3schools.test.LoginTest" name="loginWithInvalidEmail" time="118.656"/>
  <system-out/>
  <testcase classname="com.w3schools.test.LoginTest" name="loginWithValidCredentials" time="31.092"/>
  <system-out/>
</testsuite> <!-- com.w3schools.test.LoginTest -->
