<?xml version="1.0" encoding="UTF-8"?>
<!-- Generated by org.testng.reporters.JUnitReportReporter -->
<testsuite hostname="DESKTOP-1C1CICJ" failures="0" tests="1" name="com.w3schools.test.LoginTest" time="23.522" errors="0" timestamp="2023-08-18T10:26:50 IST" skipped="0">
  <testcase classname="com.w3schools.test.LoginTest" name="loginWithValidCredentials" time="23.522"/>
  <system-out/>
</testsuite> <!-- com.w3schools.test.LoginTest -->
